Arguments: 
  C:\Program Files\nodejs\node.exe C:\Users\Administrator\AppData\Roaming\npm\node_modules\yarn\bin\yarn.js

PATH: 
  D:\WINDOWS.X64_193000_db_home_4\bin;C:\Program Files\Common Files\Oracle\Java\javapath;C:\Windows\system32;C:\Windows;C:\Windows\System32\Wbem;C:\Windows\System32\WindowsPowerShell\v1.0\;C:\Windows\System32\OpenSSH\;C:\Program Files\Java\jdk-19\bin;C:\Program Files\jdk\jre\bin;C:\Program Files\Apache Software Foundation\Tomcat 9.0\bin;C:\Program Files\nodejs\;C:\Program Files\Git\cmd;C:\Program Files\PostgreSQL\15\bin;C:\MinGW\bin;C:\Users\Administrator\AppData\Local\Microsoft\WindowsApps;C:\Users\Administrator\AppData\Local\Programs\Microsoft VS Code\bin;C:\Users\Administrator\AppData\Roaming\npm;C:\Users\Administrator\AppData\Local\GitHubDesktop\bin

Yarn version: 
  1.22.19

Node version: 
  18.12.1

Platform: 
  win32 x64

Trace: 
  Error: self-signed certificate in certificate chain
      at TLSSocket.onConnectSecure (node:_tls_wrap:1538:34)
      at TLSSocket.emit (node:events:513:28)
      at TLSSocket._finishInit (node:_tls_wrap:952:8)
      at ssl.onhandshakedone (node:_tls_wrap:733:12)

npm manifest: 
  {
    "name": "frontend",
    "version": "1.0.0",
    "main": "node_modules/expo/AppEntry.js",
    "scripts": {
      "start": "yarn run lint && expo start",
      "android": "expo start --android",
      "ios": "expo start --ios",
      "web": "expo start --web",
      "lint": "eslint src --ext js,jsx --report-unused-disable-directives --max-warnings 0"
    },
    "dependencies": {
      "@expo/vector-icons": "^13.0.0",
      "@react-native-async-storage/async-storage": "^1.18.2",
      "@react-navigation/native": "^6.1.6",
      "@react-navigation/native-stack": "^6.9.12",
      "autoprefixer": "^10.4.14",
      "axios": "^1.4.0",
      "eslint": "^8.42.0",
      "expo": "~48.0.18",
      "expo-font": "~11.1.1",
      "expo-secure-store": "^12.1.1",
      "expo-status-bar": "^1.4.4",
      "formik": "^2.4.2",
      "postcss": "^8.4.24",
      "react": "18.2.0",
      "react-native": "^0.71.11",
      "react-native-paper": "^5.8.0",
      "react-native-safe-area-context": "^4.5.3",
      "react-native-screens": "^3.21.0",
      "tailwindcss": "^3.3.2",
      "twrnc": "^3.6.1",
      "yup": "^1.2.0"
    },
    "devDependencies": {
      "@babel/core": "^7.20.0",
      "eslint-plugin-react": "^7.32.2",
      "eslint-plugin-react-hooks": "^4.6.0",
      "eslint-plugin-react-native": "^4.0.0"
    },
    "private": true
  }

yarn manifest: 
  No manifest

Lockfile: 
  No lockfile
